[35m[Appium][39m Welcome to Appium v1.21.0
[35m[Appium][39m Non-default server args:
[35m[Appium][39m   port: 63762
[35m[Appium][39m   loglevel: info
[35m[Appium][39m   tmpDir: C:\Users\MGIACC~1\AppData\Local\Temp\\Katalon\Appium\Temp1635532619894
[35m[Appium][39m   chromedriverPort: 63763
[35m[Appium][39m Deprecated server args:
[35m[Appium][39m   [31m--chromedriver-port[39m => --default-capabilities
[35m[Appium][39m Default capabilities, which will be added to each request unless overridden by desired capabilities:
[35m[Appium][39m   chromedriverPort: 63763
[35m[Appium][39m Appium REST http interface listener started on 0.0.0.0:63762
[35m[HTTP][39m [37m-->[39m [37mGET[39m [37m/wd/hub/status[39m
[35m[HTTP][39m [90m{}[39m
[35m[HTTP][39m [37m<-- GET /wd/hub/status [39m[32m200[39m [90m5 ms - 68[39m
[35m[HTTP][39m [90m[39m
[35m[HTTP][39m [37m-->[39m [37mGET[39m [37m/wd/hub/status[39m
[35m[HTTP][39m [90m{}[39m
[35m[HTTP][39m [37m<-- GET /wd/hub/status [39m[32m200[39m [90m1 ms - 68[39m
[35m[HTTP][39m [90m[39m
[35m[HTTP][39m [37m-->[39m [37mPOST[39m [37m/wd/hub/session[39m
[35m[HTTP][39m [90m{"desiredCapabilities":{"appPackage":"com.android.settings","deviceId":"192.168.3.29:5555","deviceName":"samsung SM-A107M (Android 11)","platform":"ANDROID","appActivity":".Settings","newCommandTimeout":1800,"platformVersion":"11","automationName":"uiautomator2","autoGrantPermissions":true,"platformName":"Android","udid":"192.168.250.11:5555","systemPort":8296},"capabilities":{"firstMatch":[{"appium:appActivity":".Settings","appium:appPackage":"com.android.settings","appium:autoGrantPermissions":true,"appium:automationName":"uiautomator2","deviceId":"192.168.3.29:5555","appium:deviceName":"samsung SM-A107M (Android 11)","appium:newCommandTimeout":1800,"platform":"ANDROID","platformName":"android","appium:platformVersion":"11","appium:systemPort":8296,"appium:udid":"192.168.250.11:5555"}]}}[39m
[35m[BaseDriver][39m The following capabilities are not standard capabilities and should have an extension prefix:
[35m[BaseDriver][39m   deviceId
[35m[BaseDriver][39m   platform
[35m[BaseDriver][39m   chromedriverPort
[35m[Appium][39m Appium v1.21.0 creating new AndroidUiautomator2Driver (v1.65.0) session
[35m[BaseDriver][39m The following capabilities were provided, but are not recognized by Appium:
[35m[BaseDriver][39m   deviceId
[35m[BaseDriver][39m   platform
[35m[BaseDriver][39m Session created with session id: c0e67801-dd7e-4cd3-a347-b3a9e23400fb
[35m[UiAutomator2][39m Starting 'com.android.settings' directly on the device
[35m[ADB][39m Found 1 'build-tools' folders under 'C:\Users\MGIAccusys\.katalon\tools\android_sdk' (newest first):
[35m[ADB][39m     C:/Users/MGIAccusys/.katalon/tools/android_sdk/build-tools/29.0.3
[35m[ADB][39m Using 'adb.exe' from 'C:\Users\MGIAccusys\.katalon\tools\android_sdk\platform-tools\adb.exe'
[35m[AndroidDriver][39m Retrieving device list
[35m[AndroidDriver][39m Using device: 192.168.250.11:5555
[35m[ADB][39m Using 'adb.exe' from 'C:\Users\MGIAccusys\.katalon\tools\android_sdk\platform-tools\adb.exe'
[35m[ADB][39m Getting device platform version
[35m[UiAutomator2][39m Relaxing hidden api policy
[35m[AndroidDriver][39m No app sent in, not parsing package/activity
[35m[ADB][39m Using 'apksigner.jar' from 'C:\Users\MGIAccusys\.katalon\tools\android_sdk\build-tools\29.0.3\lib\apksigner.jar'
[35m[ADB][39m 'C:\Users\MGIAccusys\AppData\Roaming\npm\node_modules\appium\node_modules\appium-uiautomator2-server\apks\appium-uiautomator2-server-v4.21.1.apk' is signed with the default certificate
[35m[ADB][39m 'C:\Users\MGIAccusys\AppData\Roaming\npm\node_modules\appium\node_modules\appium-uiautomator2-server\apks\appium-uiautomator2-server-debug-androidTest.apk' is signed with the default certificate
[35m[UiAutomator2][39m Server packages are not going to be (re)installed
[35m[ADB][39m Adding packages ["io.appium.settings","io.appium.uiautomator2.server","io.appium.uiautomator2.server.test"] to Doze whitelist
[35m[UiAutomator2][39m Starting UIAutomator2 server 4.21.1
[35m[UiAutomator2][39m Using UIAutomator2 server from 'C:\Users\MGIAccusys\AppData\Roaming\npm\node_modules\appium\node_modules\appium-uiautomator2-server\apks\appium-uiautomator2-server-v4.21.1.apk' and test from 'C:\Users\MGIAccusys\AppData\Roaming\npm\node_modules\appium\node_modules\appium-uiautomator2-server\apks\appium-uiautomator2-server-debug-androidTest.apk'
[35m[UiAutomator2][39m Waiting up to 30000ms for UiAutomator2 to be online...
[35m[WD Proxy][39m socket hang up
[35m[WD Proxy][39m socket hang up
[35m[WD Proxy][39m socket hang up
[35m[WD Proxy][39m socket hang up
[35m[WD Proxy][39m Determined the downstream protocol as 'W3C'
[35m[AndroidDriver][39m Screen already unlocked, doing nothing
[35m[UiAutomator2][39m Starting 'com.android.settings/.Settings and waiting for 'com.android.settings/.Settings'
[35m[Appium][39m New AndroidUiautomator2Driver session created successfully, session c0e67801-dd7e-4cd3-a347-b3a9e23400fb added to master session list
[35m[HTTP][39m [37m<-- POST /wd/hub/session [39m[32m200[39m [90m12074 ms - 1249[39m
[35m[HTTP][39m [90m[39m
[35m[HTTP][39m [37m-->[39m [37mGET[39m [37m/wd/hub/session/c0e67801-dd7e-4cd3-a347-b3a9e23400fb[39m
[35m[HTTP][39m [90m{}[39m
[35m[HTTP][39m [37m<-- GET /wd/hub/session/c0e67801-dd7e-4cd3-a347-b3a9e23400fb [39m[32m200[39m [90m65 ms - 1203[39m
[35m[HTTP][39m [90m[39m
[35m[HTTP][39m [37m-->[39m [37mGET[39m [37m/wd/hub/session/c0e67801-dd7e-4cd3-a347-b3a9e23400fb[39m
[35m[HTTP][39m [90m{}[39m
[35m[HTTP][39m [37m<-- GET /wd/hub/session/c0e67801-dd7e-4cd3-a347-b3a9e23400fb [39m[32m200[39m [90m61 ms - 1203[39m
[35m[HTTP][39m [90m[39m
[35m[HTTP][39m [37m-->[39m [37mGET[39m [37m/wd/hub/status[39m
[35m[HTTP][39m [90m{}[39m
[35m[HTTP][39m [37m<-- GET /wd/hub/status [39m[32m200[39m [90m1 ms - 68[39m
[35m[HTTP][39m [90m[39m
[35m[HTTP][39m [37m-->[39m [37mPOST[39m [37m/wd/hub/session/c0e67801-dd7e-4cd3-a347-b3a9e23400fb/timeouts[39m
[35m[HTTP][39m [90m{"implicit":60000}[39m
[35m[HTTP][39m [37m<-- POST /wd/hub/session/c0e67801-dd7e-4cd3-a347-b3a9e23400fb/timeouts [39m[32m200[39m [90m3 ms - 14[39m
[35m[HTTP][39m [90m[39m
[35m[HTTP][39m [37m-->[39m [37mGET[39m [37m/wd/hub/session/c0e67801-dd7e-4cd3-a347-b3a9e23400fb/screenshot[39m
[35m[HTTP][39m [90m{}[39m
[35m[HTTP][39m [37m<-- GET /wd/hub/session/c0e67801-dd7e-4cd3-a347-b3a9e23400fb/screenshot [39m[32m200[39m [90m879 ms - 123578[39m
[35m[HTTP][39m [90m[39m
[35m[HTTP][39m [37m-->[39m [37mGET[39m [37m/wd/hub/session/c0e67801-dd7e-4cd3-a347-b3a9e23400fb/window/rect[39m
[35m[HTTP][39m [90m{}[39m
[35m[HTTP][39m [37m<-- GET /wd/hub/session/c0e67801-dd7e-4cd3-a347-b3a9e23400fb/window/rect [39m[32m200[39m [90m59 ms - 49[39m
[35m[HTTP][39m [90m[39m
[35m[HTTP][39m [37m-->[39m [37mGET[39m [37m/wd/hub/session/c0e67801-dd7e-4cd3-a347-b3a9e23400fb/appium/device/system_bars[39m
[35m[HTTP][39m [90m{}[39m
[35m[HTTP][39m [37m<-- GET /wd/hub/session/c0e67801-dd7e-4cd3-a347-b3a9e23400fb/appium/device/system_bars [39m[32m200[39m [90m172 ms - 145[39m
[35m[HTTP][39m [90m[39m
[35m[HTTP][39m [37m-->[39m [37mPOST[39m [37m/wd/hub/session/c0e67801-dd7e-4cd3-a347-b3a9e23400fb/appium/device/activate_app[39m
[35m[HTTP][39m [90m{"bundleId":"tsmbo.bancosolapk.presentacion.preprod"}[39m
[35m[HTTP][39m [37m<-- POST /wd/hub/session/c0e67801-dd7e-4cd3-a347-b3a9e23400fb/appium/device/activate_app [39m[32m200[39m [90m1027 ms - 14[39m
[35m[HTTP][39m [90m[39m
[35m[HTTP][39m [37m-->[39m [37mGET[39m [37m/wd/hub/session/c0e67801-dd7e-4cd3-a347-b3a9e23400fb/source[39m
[35m[HTTP][39m [90m{}[39m
[35m[W3C (c0e67801)][39m Driver proxy active, passing request on via HTTP proxy
[35m[WD Proxy][39m Replacing sessionId 301dd392-5c6a-48f2-b33a-55a398f6db9a with c0e67801-dd7e-4cd3-a347-b3a9e23400fb
[35m[HTTP][39m [37m<-- GET /wd/hub/session/c0e67801-dd7e-4cd3-a347-b3a9e23400fb/source [39m[32m200[39m [90m706 ms - 9661[39m
[35m[HTTP][39m [90m[39m
[35m[HTTP][39m [37m-->[39m [37mGET[39m [37m/wd/hub/session/c0e67801-dd7e-4cd3-a347-b3a9e23400fb/screenshot[39m
[35m[HTTP][39m [90m{}[39m
[35m[HTTP][39m [37m<-- GET /wd/hub/session/c0e67801-dd7e-4cd3-a347-b3a9e23400fb/screenshot [39m[32m200[39m [90m1220 ms - 459236[39m
[35m[HTTP][39m [90m[39m
[35m[HTTP][39m [37m-->[39m [37mPOST[39m [37m/wd/hub/session/c0e67801-dd7e-4cd3-a347-b3a9e23400fb/elements[39m
[35m[HTTP][39m [90m{"using":"xpath","value":"//*[@class = 'android.widget.EditText' and (@text = 'accusys' or . = 'accusys') and @resource-id = '']"}[39m
[35m[HTTP][39m [37m<-- POST /wd/hub/session/c0e67801-dd7e-4cd3-a347-b3a9e23400fb/elements [39m[32m200[39m [90m262 ms - 139[39m
[35m[HTTP][39m [90m[39m
[35m[HTTP][39m [37m-->[39m [37mGET[39m [37m/wd/hub/session/c0e67801-dd7e-4cd3-a347-b3a9e23400fb/window/rect[39m
[35m[HTTP][39m [90m{}[39m
[35m[HTTP][39m [37m<-- GET /wd/hub/session/c0e67801-dd7e-4cd3-a347-b3a9e23400fb/window/rect [39m[32m200[39m [90m80 ms - 49[39m
[35m[HTTP][39m [90m[39m
[35m[HTTP][39m [37m-->[39m [37mPOST[39m [37m/wd/hub/session/c0e67801-dd7e-4cd3-a347-b3a9e23400fb/elements[39m
[35m[HTTP][39m [90m{"using":"xpath","value":"//*[@class = 'android.widget.EditText' and (@text = 'accusys' or . = 'accusys') and @resource-id = '']"}[39m
[35m[HTTP][39m [37m<-- POST /wd/hub/session/c0e67801-dd7e-4cd3-a347-b3a9e23400fb/elements [39m[32m200[39m [90m125 ms - 139[39m
[35m[HTTP][39m [90m[39m
[35m[HTTP][39m [37m-->[39m [37mGET[39m [37m/wd/hub/session/c0e67801-dd7e-4cd3-a347-b3a9e23400fb/element/0bb625b6-3528-4786-ac57-3b1e8f9b3bee/location[39m
[35m[HTTP][39m [90m{}[39m
[35m[W3C (c0e67801)][39m Driver proxy active, passing request on via HTTP proxy
[35m[WD Proxy][39m Replacing sessionId 301dd392-5c6a-48f2-b33a-55a398f6db9a with c0e67801-dd7e-4cd3-a347-b3a9e23400fb
[35m[HTTP][39m [37m<-- GET /wd/hub/session/c0e67801-dd7e-4cd3-a347-b3a9e23400fb/element/0bb625b6-3528-4786-ac57-3b1e8f9b3bee/location [39m[32m200[39m [90m85 ms - 78[39m
[35m[HTTP][39m [90m[39m
[35m[HTTP][39m [37m-->[39m [37mPOST[39m [37m/wd/hub/session/c0e67801-dd7e-4cd3-a347-b3a9e23400fb/element/0bb625b6-3528-4786-ac57-3b1e8f9b3bee/clear[39m
[35m[HTTP][39m [90m{"id":"0bb625b6-3528-4786-ac57-3b1e8f9b3bee"}[39m
[35m[HTTP][39m [37m<-- POST /wd/hub/session/c0e67801-dd7e-4cd3-a347-b3a9e23400fb/element/0bb625b6-3528-4786-ac57-3b1e8f9b3bee/clear [39m[32m200[39m [90m161 ms - 14[39m
[35m[HTTP][39m [90m[39m
[35m[HTTP][39m [37m-->[39m [37mPOST[39m [37m/wd/hub/session/c0e67801-dd7e-4cd3-a347-b3a9e23400fb/element/0bb625b6-3528-4786-ac57-3b1e8f9b3bee/value[39m
[35m[HTTP][39m [90m{"id":"0bb625b6-3528-4786-ac57-3b1e8f9b3bee","text":"accusys","value":["a","c","c","u","s","y","s"]}[39m
[35m[HTTP][39m [37m<-- POST /wd/hub/session/c0e67801-dd7e-4cd3-a347-b3a9e23400fb/element/0bb625b6-3528-4786-ac57-3b1e8f9b3bee/value [39m[32m200[39m [90m1092 ms - 14[39m
[35m[HTTP][39m [90m[39m
[35m[HTTP][39m [37m-->[39m [37mGET[39m [37m/wd/hub/session/c0e67801-dd7e-4cd3-a347-b3a9e23400fb/source[39m
[35m[HTTP][39m [90m{}[39m
[35m[W3C (c0e67801)][39m Driver proxy active, passing request on via HTTP proxy
[35m[WD Proxy][39m Replacing sessionId 301dd392-5c6a-48f2-b33a-55a398f6db9a with c0e67801-dd7e-4cd3-a347-b3a9e23400fb
[35m[HTTP][39m [37m<-- GET /wd/hub/session/c0e67801-dd7e-4cd3-a347-b3a9e23400fb/source [39m[32m200[39m [90m185 ms - 7868[39m
[35m[HTTP][39m [90m[39m
[35m[HTTP][39m [37m-->[39m [37mGET[39m [37m/wd/hub/session/c0e67801-dd7e-4cd3-a347-b3a9e23400fb/screenshot[39m
[35m[HTTP][39m [90m{}[39m
[35m[HTTP][39m [37m<-- GET /wd/hub/session/c0e67801-dd7e-4cd3-a347-b3a9e23400fb/screenshot [39m[32m200[39m [90m1010 ms - 391192[39m
[35m[HTTP][39m [90m[39m
[35m[HTTP][39m [37m-->[39m [37mDELETE[39m [37m/wd/hub/session/c0e67801-dd7e-4cd3-a347-b3a9e23400fb[39m
[35m[HTTP][39m [90m{}[39m
[35m[Appium][39m Removing session c0e67801-dd7e-4cd3-a347-b3a9e23400fb from our master session list
[35m[UiAutomator2][39m Restoring hidden api policy to the device default configuration
[35m[HTTP][39m [37m<-- DELETE /wd/hub/session/c0e67801-dd7e-4cd3-a347-b3a9e23400fb [39m[32m200[39m [90m690 ms - 14[39m
[35m[HTTP][39m [90m[39m
